<?xml version="1.0" encoding="UTF-8"?>
<!-- Generated by org.testng.reporters.JUnitReportReporter -->
<testsuite hostname="DESKTOP-EETHSOC" failures="0" tests="1" name="com.testClass.BasicDetailsTest" time="13.067" errors="0" timestamp="2022-09-15T21:20:25 IST" skipped="0">
  <testcase classname="com.testClass.BasicDetailsTest" name="basicDetails" time="13.067"/>
  <system-out/>
</testsuite> <!-- com.testClass.BasicDetailsTest -->
